C:\USERS\AMY\DESKTOP\问题\DRAW_TEXTURE\DEBUG\DRAW_TEXTURE.EXE
C:\USERS\AMY\DESKTOP\问题\DRAW_TEXTURE\DEBUG\DRAW_TEXTURE.ILK
C:\USERS\AMY\DESKTOP\问题\DRAW_TEXTURE\DEBUG\DRAW_TEXTURE.PDB
C:\USERS\AMY\DESKTOP\问题\DRAW_TEXTURE\DRAW_TEXTURE\DEBUG\BOUNDINGSPHERE.OBJ
C:\USERS\AMY\DESKTOP\问题\DRAW_TEXTURE\DRAW_TEXTURE\DEBUG\CAMERA.OBJ
C:\USERS\AMY\DESKTOP\问题\DRAW_TEXTURE\DRAW_TEXTURE\DEBUG\D3DOBJECT.OBJ
C:\USERS\AMY\DESKTOP\问题\DRAW_TEXTURE\DRAW_TEXTURE\DEBUG\D3DUT.OBJ
C:\USERS\AMY\DESKTOP\问题\DRAW_TEXTURE\DRAW_TEXTURE\DEBUG\DRAW_TEXTURE.EXE.EMBED.MANIFEST
C:\USERS\AMY\DESKTOP\问题\DRAW_TEXTURE\DRAW_TEXTURE\DEBUG\DRAW_TEXTURE.EXE.EMBED.MANIFEST.RES
C:\USERS\AMY\DESKTOP\问题\DRAW_TEXTURE\DRAW_TEXTURE\DEBUG\DRAW_TEXTURE.EXE.INTERMEDIATE.MANIFEST
C:\USERS\AMY\DESKTOP\问题\DRAW_TEXTURE\DRAW_TEXTURE\DEBUG\MAIN.OBJ
C:\USERS\AMY\DESKTOP\问题\DRAW_TEXTURE\DRAW_TEXTURE\DEBUG\MYD3D.OBJ
C:\USERS\AMY\DESKTOP\问题\DRAW_TEXTURE\DRAW_TEXTURE\DEBUG\OBJECT_TEXTURE.OBJ
C:\USERS\AMY\DESKTOP\问题\DRAW_TEXTURE\DRAW_TEXTURE\DEBUG\PSYSTEM.OBJ
C:\USERS\AMY\DESKTOP\问题\DRAW_TEXTURE\DRAW_TEXTURE\DEBUG\VC100.PDB
C:\USERS\AMY\DESKTOP\问题\DRAW_TEXTURE\DRAW_TEXTURE\DEBUG\XFILE.OBJ
C:\USERS\AMY\DESKTOP\问题\DRAW_TEXTURE\DRAW_TEXTURE\DEBUG\XFILEMODEL.OBJ
C:\USERS\AMY\DESKTOP\修改ING\好多飞机，碰了以后可以往前走\DRAW_TEXTURE\DEBUG\DRAW_TEXTURE.EXE
C:\USERS\AMY\DESKTOP\修改ING\好多飞机，碰了以后可以往前走\DRAW_TEXTURE\DEBUG\DRAW_TEXTURE.ILK
C:\USERS\AMY\DESKTOP\修改ING\好多飞机，碰了以后可以往前走\DRAW_TEXTURE\DEBUG\DRAW_TEXTURE.PDB
C:\USERS\AMY\DESKTOP\修改ING\好多飞机，碰了以后可以往前走\DRAW_TEXTURE\DRAW_TEXTURE\DEBUG\BOUNDINGSPHERE.OBJ
C:\USERS\AMY\DESKTOP\修改ING\好多飞机，碰了以后可以往前走\DRAW_TEXTURE\DRAW_TEXTURE\DEBUG\CAMERA.OBJ
C:\Users\amy\Desktop\修改ing\好多飞机，碰了以后可以往前走\Draw_Texture\Draw_Texture\Debug\cl.command.1.tlog
C:\Users\amy\Desktop\修改ing\好多飞机，碰了以后可以往前走\Draw_Texture\Draw_Texture\Debug\CL.read.1.tlog
C:\Users\amy\Desktop\修改ing\好多飞机，碰了以后可以往前走\Draw_Texture\Draw_Texture\Debug\CL.write.1.tlog
C:\USERS\AMY\DESKTOP\修改ING\好多飞机，碰了以后可以往前走\DRAW_TEXTURE\DRAW_TEXTURE\DEBUG\D3DOBJECT.OBJ
C:\USERS\AMY\DESKTOP\修改ING\好多飞机，碰了以后可以往前走\DRAW_TEXTURE\DRAW_TEXTURE\DEBUG\D3DUT.OBJ
C:\Users\amy\Desktop\修改ing\好多飞机，碰了以后可以往前走\Draw_Texture\Draw_Texture\Debug\Draw_Texture.exe.embed.manifest
C:\USERS\AMY\DESKTOP\修改ING\好多飞机，碰了以后可以往前走\DRAW_TEXTURE\DRAW_TEXTURE\DEBUG\DRAW_TEXTURE.EXE.EMBED.MANIFEST.RES
C:\USERS\AMY\DESKTOP\修改ING\好多飞机，碰了以后可以往前走\DRAW_TEXTURE\DRAW_TEXTURE\DEBUG\DRAW_TEXTURE.EXE.INTERMEDIATE.MANIFEST
C:\Users\amy\Desktop\修改ing\好多飞机，碰了以后可以往前走\Draw_Texture\Draw_Texture\Debug\Draw_Texture_manifest.rc
C:\Users\amy\Desktop\修改ing\好多飞机，碰了以后可以往前走\Draw_Texture\Draw_Texture\Debug\link.1504.read.1.tlog
C:\Users\amy\Desktop\修改ing\好多飞机，碰了以后可以往前走\Draw_Texture\Draw_Texture\Debug\link.1504.write.1.tlog
C:\Users\amy\Desktop\修改ing\好多飞机，碰了以后可以往前走\Draw_Texture\Draw_Texture\Debug\link.1504-cvtres.read.1.tlog
C:\Users\amy\Desktop\修改ing\好多飞机，碰了以后可以往前走\Draw_Texture\Draw_Texture\Debug\link.1504-cvtres.write.1.tlog
C:\Users\amy\Desktop\修改ing\好多飞机，碰了以后可以往前走\Draw_Texture\Draw_Texture\Debug\link.2720.read.1.tlog
C:\Users\amy\Desktop\修改ing\好多飞机，碰了以后可以往前走\Draw_Texture\Draw_Texture\Debug\link.2720.write.1.tlog
C:\Users\amy\Desktop\修改ing\好多飞机，碰了以后可以往前走\Draw_Texture\Draw_Texture\Debug\link.2720-cvtres.read.1.tlog
C:\Users\amy\Desktop\修改ing\好多飞机，碰了以后可以往前走\Draw_Texture\Draw_Texture\Debug\link.2720-cvtres.write.1.tlog
C:\Users\amy\Desktop\修改ing\好多飞机，碰了以后可以往前走\Draw_Texture\Draw_Texture\Debug\link.command.1.tlog
C:\Users\amy\Desktop\修改ing\好多飞机，碰了以后可以往前走\Draw_Texture\Draw_Texture\Debug\link.read.1.tlog
C:\Users\amy\Desktop\修改ing\好多飞机，碰了以后可以往前走\Draw_Texture\Draw_Texture\Debug\link.write.1.tlog
C:\Users\amy\Desktop\修改ing\好多飞机，碰了以后可以往前走\Draw_Texture\Draw_Texture\Debug\link-cvtres.read.1.tlog
C:\Users\amy\Desktop\修改ing\好多飞机，碰了以后可以往前走\Draw_Texture\Draw_Texture\Debug\link-cvtres.write.1.tlog
C:\USERS\AMY\DESKTOP\修改ING\好多飞机，碰了以后可以往前走\DRAW_TEXTURE\DRAW_TEXTURE\DEBUG\MAIN.OBJ
C:\Users\amy\Desktop\修改ing\好多飞机，碰了以后可以往前走\Draw_Texture\Draw_Texture\Debug\mt.command.1.tlog
C:\Users\amy\Desktop\修改ing\好多飞机，碰了以后可以往前走\Draw_Texture\Draw_Texture\Debug\mt.read.1.tlog
C:\Users\amy\Desktop\修改ing\好多飞机，碰了以后可以往前走\Draw_Texture\Draw_Texture\Debug\mt.write.1.tlog
C:\USERS\AMY\DESKTOP\修改ING\好多飞机，碰了以后可以往前走\DRAW_TEXTURE\DRAW_TEXTURE\DEBUG\MYD3D.OBJ
C:\USERS\AMY\DESKTOP\修改ING\好多飞机，碰了以后可以往前走\DRAW_TEXTURE\DRAW_TEXTURE\DEBUG\OBJECT_TEXTURE.OBJ
C:\USERS\AMY\DESKTOP\修改ING\好多飞机，碰了以后可以往前走\DRAW_TEXTURE\DRAW_TEXTURE\DEBUG\PSYSTEM.OBJ
C:\Users\amy\Desktop\修改ing\好多飞机，碰了以后可以往前走\Draw_Texture\Draw_Texture\Debug\rc.command.1.tlog
C:\Users\amy\Desktop\修改ing\好多飞机，碰了以后可以往前走\Draw_Texture\Draw_Texture\Debug\rc.read.1.tlog
C:\Users\amy\Desktop\修改ing\好多飞机，碰了以后可以往前走\Draw_Texture\Draw_Texture\Debug\rc.write.1.tlog
C:\Users\amy\Desktop\修改ing\好多飞机，碰了以后可以往前走\Draw_Texture\Draw_Texture\Debug\vc100.idb
C:\USERS\AMY\DESKTOP\修改ING\好多飞机，碰了以后可以往前走\DRAW_TEXTURE\DRAW_TEXTURE\DEBUG\VC100.PDB
C:\USERS\AMY\DESKTOP\修改ING\好多飞机，碰了以后可以往前走\DRAW_TEXTURE\DRAW_TEXTURE\DEBUG\XFILE.OBJ
C:\USERS\AMY\DESKTOP\修改ING\好多飞机，碰了以后可以往前走\DRAW_TEXTURE\DRAW_TEXTURE\DEBUG\XFILEMODEL.OBJ
